# JRE version: Java(TM) SE Runtime Environment (8.0_201-b09) (build 1.8.0_201-b09)
# Java VM: Java HotSpot(TM) 64-Bit Server VM (25.201-b09 mixed mode windows-amd64 compressed oops)
Heap:
 PSYoungGen      total 268800K, used 172240K [0x000000076c180000, 0x0000000782c80000, 0x00000007c0000000)
  eden space 258048K, 66% used [0x000000076c180000,0x00000007769b4328,0x000000077bd80000)
  from space 10752K, 0% used [0x000000077bd80000,0x000000077bd80000,0x000000077c800000)
  to   space 16896K, 0% used [0x0000000781c00000,0x0000000781c00000,0x0000000782c80000)
 ParOldGen       total 159232K, used 22467K [0x00000006c4400000, 0x00000006cdf80000, 0x000000076c180000)
  object space 159232K, 14% used [0x00000006c4400000,0x00000006c59f0d90,0x00000006cdf80000)
 Metaspace       used 41708K, capacity 43738K, committed 44200K, reserved 1087488K
  class space    used 5605K, capacity 6022K, committed 6064K, reserved 1048576K
GC Heap History (10 events):
Event: 2.309 GC heap before
{Heap before GC invocations=3 (full 0):
 PSYoungGen      total 139776K, used 29910K [0x000000076c180000, 0x0000000775480000, 0x00000007c0000000)
  eden space 129024K, 14% used [0x000000076c180000,0x000000076d43b2a0,0x0000000773f80000)
  from space 10752K, 99% used [0x0000000774a00000,0x000000077547a7a8,0x0000000775480000)
  to   space 10752K, 0% used [0x0000000773f80000,0x0000000773f80000,0x0000000774a00000)
 ParOldGen       total 172032K, used 100K [0x00000006c4400000, 0x00000006cec00000, 0x000000076c180000)
  object space 172032K, 0% used [0x00000006c4400000,0x00000006c4419200,0x00000006cec00000)
 Metaspace       used 20339K, capacity 21242K, committed 21296K, reserved 1067008K
  class space    used 2637K, capacity 2849K, committed 2864K, reserved 1048576K
Event: 2.321 GC heap after
Heap after GC invocations=3 (full 0):
 PSYoungGen      total 139776K, used 7599K [0x000000076c180000, 0x000000077d280000, 0x00000007c0000000)
  eden space 129024K, 0% used [0x000000076c180000,0x000000076c180000,0x0000000773f80000)
  from space 10752K, 70% used [0x0000000773f80000,0x00000007746ebe50,0x0000000774a00000)
  to   space 10752K, 0% used [0x000000077c800000,0x000000077c800000,0x000000077d280000)
 ParOldGen       total 172032K, used 108K [0x00000006c4400000, 0x00000006cec00000, 0x000000076c180000)
  object space 172032K, 0% used [0x00000006c4400000,0x00000006c441b200,0x00000006cec00000)
 Metaspace       used 20339K, capacity 21242K, committed 21296K, reserved 1067008K
  class space    used 2637K, capacity 2849K, committed 2864K, reserved 1048576K
}
Event: 2.321 GC heap before
{Heap before GC invocations=4 (full 1):
 PSYoungGen      total 139776K, used 7599K [0x000000076c180000, 0x000000077d280000, 0x00000007c0000000)
  eden space 129024K, 0% used [0x000000076c180000,0x000000076c180000,0x0000000773f80000)
  from space 10752K, 70% used [0x0000000773f80000,0x00000007746ebe50,0x0000000774a00000)
  to   space 10752K, 0% used [0x000000077c800000,0x000000077c800000,0x000000077d280000)
 ParOldGen       total 172032K, used 108K [0x00000006c4400000, 0x00000006cec00000, 0x000000076c180000)
  object space 172032K, 0% used [0x00000006c4400000,0x00000006c441b200,0x00000006cec00000)
 Metaspace       used 20339K, capacity 21242K, committed 21296K, reserved 1067008K
  class space    used 2637K, capacity 2849K, committed 2864K, reserved 1048576K
Event: 2.366 GC heap after
Heap after GC invocations=4 (full 1):
 PSYoungGen      total 139776K, used 0K [0x000000076c180000, 0x000000077d280000, 0x00000007c0000000)
  eden space 129024K, 0% used [0x000000076c180000,0x000000076c180000,0x0000000773f80000)
  from space 10752K, 0% used [0x0000000773f80000,0x0000000773f80000,0x0000000774a00000)
  to   space 10752K, 0% used [0x000000077c800000,0x000000077c800000,0x000000077d280000)
 ParOldGen       total 93184K, used 7491K [0x00000006c4400000, 0x00000006c9f00000, 0x000000076c180000)
  object space 93184K, 8% used [0x00000006c4400000,0x00000006c4b50f50,0x00000006c9f00000)
 Metaspace       used 20339K, capacity 21242K, committed 21296K, reserved 1067008K
  class space    used 2637K, capacity 2849K, committed 2864K, reserved 1048576K
}
Event: 2.854 GC heap before
{Heap before GC invocations=5 (full 1):
 PSYoungGen      total 139776K, used 129024K [0x000000076c180000, 0x000000077d280000, 0x00000007c0000000)
  eden space 129024K, 100% used [0x000000076c180000,0x0000000773f80000,0x0000000773f80000)
  from space 10752K, 0% used [0x0000000773f80000,0x0000000773f80000,0x0000000774a00000)
  to   space 10752K, 0% used [0x000000077c800000,0x000000077c800000,0x000000077d280000)
 ParOldGen       total 93184K, used 7491K [0x00000006c4400000, 0x00000006c9f00000, 0x000000076c180000)
  object space 93184K, 8% used [0x00000006c4400000,0x00000006c4b50f50,0x00000006c9f00000)
 Metaspace       used 24258K, capacity 25446K, committed 25520K, reserved 1071104K
  class space    used 3153K, capacity 3437K, committed 3504K, reserved 1048576K
Event: 2.861 GC heap after
Heap after GC invocations=5 (full 1):
 PSYoungGen      total 222208K, used 10741K [0x000000076c180000, 0x000000077d280000, 0x00000007c0000000)
  eden space 211456K, 0% used [0x000000076c180000,0x000000076c180000,0x0000000779000000)
  from space 10752K, 99% used [0x000000077c800000,0x000000077d27d6b8,0x000000077d280000)
  to   space 10752K, 0% used [0x000000077bd80000,0x000000077bd80000,0x000000077c800000)
 ParOldGen       total 93184K, used 7657K [0x00000006c4400000, 0x00000006c9f00000, 0x000000076c180000)
  object space 93184K, 8% used [0x00000006c4400000,0x00000006c4b7a7e0,0x00000006c9f00000)
 Metaspace       used 24258K, capacity 25446K, committed 25520K, reserved 1071104K
  class space    used 3153K, capacity 3437K, committed 3504K, reserved 1048576K
}
Event: 3.533 GC heap before
{Heap before GC invocations=6 (full 1):
 PSYoungGen      total 222208K, used 187859K [0x000000076c180000, 0x000000077d280000, 0x00000007c0000000)
  eden space 211456K, 83% used [0x000000076c180000,0x0000000776e77618,0x0000000779000000)
  from space 10752K, 99% used [0x000000077c800000,0x000000077d27d6b8,0x000000077d280000)
  to   space 10752K, 0% used [0x000000077bd80000,0x000000077bd80000,0x000000077c800000)
 ParOldGen       total 93184K, used 7657K [0x00000006c4400000, 0x00000006c9f00000, 0x000000076c180000)
  object space 93184K, 8% used [0x00000006c4400000,0x00000006c4b7a7e0,0x00000006c9f00000)
 Metaspace       used 33399K, capacity 35364K, committed 35496K, reserved 1079296K
  class space    used 4392K, capacity 4774K, committed 4784K, reserved 1048576K
Event: 3.542 GC heap after
Heap after GC invocations=6 (full 1):
 PSYoungGen      total 268800K, used 10729K [0x000000076c180000, 0x0000000782c80000, 0x00000007c0000000)
  eden space 258048K, 0% used [0x000000076c180000,0x000000076c180000,0x000000077bd80000)
  from space 10752K, 99% used [0x000000077bd80000,0x000000077c7fa4b0,0x000000077c800000)
  to   space 16896K, 0% used [0x0000000781c00000,0x0000000781c00000,0x0000000782c80000)
 ParOldGen       total 93184K, used 13161K [0x00000006c4400000, 0x00000006c9f00000, 0x000000076c180000)
  object space 93184K, 14% used [0x00000006c4400000,0x00000006c50da5b0,0x00000006c9f00000)
 Metaspace       used 33399K, capacity 35364K, committed 35496K, reserved 1079296K
  class space    used 4392K, capacity 4774K, committed 4784K, reserved 1048576K
}
Event: 3.542 GC heap before
{Heap before GC invocations=7 (full 2):
 PSYoungGen      total 268800K, used 10729K [0x000000076c180000, 0x0000000782c80000, 0x00000007c0000000)
  eden space 258048K, 0% used [0x000000076c180000,0x000000076c180000,0x000000077bd80000)
  from space 10752K, 99% used [0x000000077bd80000,0x000000077c7fa4b0,0x000000077c800000)
  to   space 16896K, 0% used [0x0000000781c00000,0x0000000781c00000,0x0000000782c80000)
 ParOldGen       total 93184K, used 13161K [0x00000006c4400000, 0x00000006c9f00000, 0x000000076c180000)
  object space 93184K, 14% used [0x00000006c4400000,0x00000006c50da5b0,0x00000006c9f00000)
 Metaspace       used 33399K, capacity 35364K, committed 35496K, reserved 1079296K
  class space    used 4392K, capacity 4774K, committed 4784K, reserved 1048576K
Event: 3.604 GC heap after
Heap after GC invocations=7 (full 2):
 PSYoungGen      total 268800K, used 0K [0x000000076c180000, 0x0000000782c80000, 0x00000007c0000000)
  eden space 258048K, 0% used [0x000000076c180000,0x000000076c180000,0x000000077bd80000)
  from space 10752K, 0% used [0x000000077bd80000,0x000000077bd80000,0x000000077c800000)
  to   space 16896K, 0% used [0x0000000781c00000,0x0000000781c00000,0x0000000782c80000)
 ParOldGen       total 159232K, used 22467K [0x00000006c4400000, 0x00000006cdf80000, 0x000000076c180000)
  object space 159232K, 14% used [0x00000006c4400000,0x00000006c59f0d90,0x00000006cdf80000)
 Metaspace       used 33399K, capacity 35364K, committed 35496K, reserved 1079296K
  class space    used 4392K, capacity 4774K, committed 4784K, reserved 1048576K
}

