# JRE version: Java(TM) SE Runtime Environment (8.0_201-b09) (build 1.8.0_201-b09)
# Java VM: Java HotSpot(TM) 64-Bit Server VM (25.201-b09 mixed mode windows-amd64 compressed oops)
Heap:
 PSYoungGen      total 301568K, used 22372K [0x000000076c180000, 0x0000000780980000, 0x00000007c0000000)
  eden space 290304K, 3% used [0x000000076c180000,0x000000076cc930b0,0x000000077dd00000)
  from space 11264K, 97% used [0x000000077fe80000,0x0000000780945fc0,0x0000000780980000)
  to   space 14848K, 0% used [0x000000077ec80000,0x000000077ec80000,0x000000077fb00000)
 ParOldGen       total 131072K, used 15747K [0x00000006c4400000, 0x00000006cc400000, 0x000000076c180000)
  object space 131072K, 12% used [0x00000006c4400000,0x00000006c5360f08,0x00000006cc400000)
 Metaspace       used 42379K, capacity 44414K, committed 44760K, reserved 1087488K
  class space    used 5622K, capacity 6054K, committed 6144K, reserved 1048576K
GC Heap History (10 events):
Event: 2.586 GC heap before
{Heap before GC invocations=6 (full 1):
 PSYoungGen      total 114176K, used 114105K [0x000000076c180000, 0x0000000774f80000, 0x00000007c0000000)
  eden space 108544K, 100% used [0x000000076c180000,0x0000000772b80000,0x0000000772b80000)
  from space 5632K, 98% used [0x0000000774a00000,0x0000000774f6e500,0x0000000774f80000)
  to   space 10752K, 0% used [0x0000000773a80000,0x0000000773a80000,0x0000000774500000)
 ParOldGen       total 90624K, used 7040K [0x00000006c4400000, 0x00000006c9c80000, 0x000000076c180000)
  object space 90624K, 7% used [0x00000006c4400000,0x00000006c4ae0390,0x00000006c9c80000)
 Metaspace       used 26254K, capacity 27422K, committed 27520K, reserved 1073152K
  class space    used 3367K, capacity 3647K, committed 3712K, reserved 1048576K
Event: 2.593 GC heap after
Heap after GC invocations=6 (full 1):
 PSYoungGen      total 134656K, used 10747K [0x000000076c180000, 0x0000000778d80000, 0x00000007c0000000)
  eden space 123904K, 0% used [0x000000076c180000,0x000000076c180000,0x0000000773a80000)
  from space 10752K, 99% used [0x0000000773a80000,0x00000007744fefa8,0x0000000774500000)
  to   space 13824K, 0% used [0x0000000778000000,0x0000000778000000,0x0000000778d80000)
 ParOldGen       total 90624K, used 8524K [0x00000006c4400000, 0x00000006c9c80000, 0x000000076c180000)
  object space 90624K, 9% used [0x00000006c4400000,0x00000006c4c53150,0x00000006c9c80000)
 Metaspace       used 26254K, capacity 27422K, committed 27520K, reserved 1073152K
  class space    used 3367K, capacity 3647K, committed 3712K, reserved 1048576K
}
Event: 3.125 GC heap before
{Heap before GC invocations=7 (full 1):
 PSYoungGen      total 134656K, used 134651K [0x000000076c180000, 0x0000000778d80000, 0x00000007c0000000)
  eden space 123904K, 100% used [0x000000076c180000,0x0000000773a80000,0x0000000773a80000)
  from space 10752K, 99% used [0x0000000773a80000,0x00000007744fefa8,0x0000000774500000)
  to   space 13824K, 0% used [0x0000000778000000,0x0000000778000000,0x0000000778d80000)
 ParOldGen       total 90624K, used 8524K [0x00000006c4400000, 0x00000006c9c80000, 0x000000076c180000)
  object space 90624K, 9% used [0x00000006c4400000,0x00000006c4c53150,0x00000006c9c80000)
 Metaspace       used 32023K, capacity 33994K, committed 34304K, reserved 1079296K
  class space    used 4152K, capacity 4521K, committed 4608K, reserved 1048576K
Event: 3.131 GC heap after
Heap after GC invocations=7 (full 1):
 PSYoungGen      total 193536K, used 13159K [0x000000076c180000, 0x000000077a600000, 0x00000007c0000000)
  eden space 179712K, 0% used [0x000000076c180000,0x000000076c180000,0x0000000777100000)
  from space 13824K, 95% used [0x0000000778000000,0x0000000778cd9f38,0x0000000778d80000)
  to   space 15360K, 0% used [0x0000000777100000,0x0000000777100000,0x0000000778000000)
 ParOldGen       total 90624K, used 8532K [0x00000006c4400000, 0x00000006c9c80000, 0x000000076c180000)
  object space 90624K, 9% used [0x00000006c4400000,0x00000006c4c55150,0x00000006c9c80000)
 Metaspace       used 32023K, capacity 33994K, committed 34304K, reserved 1079296K
  class space    used 4152K, capacity 4521K, committed 4608K, reserved 1048576K
}
Event: 3.223 GC heap before
{Heap before GC invocations=8 (full 1):
 PSYoungGen      total 193536K, used 30509K [0x000000076c180000, 0x000000077a600000, 0x00000007c0000000)
  eden space 179712K, 9% used [0x000000076c180000,0x000000076d271818,0x0000000777100000)
  from space 13824K, 95% used [0x0000000778000000,0x0000000778cd9f38,0x0000000778d80000)
  to   space 15360K, 0% used [0x0000000777100000,0x0000000777100000,0x0000000778000000)
 ParOldGen       total 90624K, used 8532K [0x00000006c4400000, 0x00000006c9c80000, 0x000000076c180000)
  object space 90624K, 9% used [0x00000006c4400000,0x00000006c4c55150,0x00000006c9c80000)
 Metaspace       used 33461K, capacity 35376K, committed 35416K, reserved 1079296K
  class space    used 4339K, capacity 4736K, committed 4736K, reserved 1048576K
Event: 3.228 GC heap after
Heap after GC invocations=8 (full 1):
 PSYoungGen      total 195072K, used 9764K [0x000000076c180000, 0x0000000780d00000, 0x00000007c0000000)
  eden space 179712K, 0% used [0x000000076c180000,0x000000076c180000,0x0000000777100000)
  from space 15360K, 63% used [0x0000000777100000,0x0000000777a89280,0x0000000778000000)
  to   space 14848K, 0% used [0x000000077fe80000,0x000000077fe80000,0x0000000780d00000)
 ParOldGen       total 90624K, used 8540K [0x00000006c4400000, 0x00000006c9c80000, 0x000000076c180000)
  object space 90624K, 9% used [0x00000006c4400000,0x00000006c4c57150,0x00000006c9c80000)
 Metaspace       used 33461K, capacity 35376K, committed 35416K, reserved 1079296K
  class space    used 4339K, capacity 4736K, committed 4736K, reserved 1048576K
}
Event: 3.228 GC heap before
{Heap before GC invocations=9 (full 2):
 PSYoungGen      total 195072K, used 9764K [0x000000076c180000, 0x0000000780d00000, 0x00000007c0000000)
  eden space 179712K, 0% used [0x000000076c180000,0x000000076c180000,0x0000000777100000)
  from space 15360K, 63% used [0x0000000777100000,0x0000000777a89280,0x0000000778000000)
  to   space 14848K, 0% used [0x000000077fe80000,0x000000077fe80000,0x0000000780d00000)
 ParOldGen       total 90624K, used 8540K [0x00000006c4400000, 0x00000006c9c80000, 0x000000076c180000)
  object space 90624K, 9% used [0x00000006c4400000,0x00000006c4c57150,0x00000006c9c80000)
 Metaspace       used 33461K, capacity 35376K, committed 35416K, reserved 1079296K
  class space    used 4339K, capacity 4736K, committed 4736K, reserved 1048576K
Event: 3.258 GC heap after
Heap after GC invocations=9 (full 2):
 PSYoungGen      total 195072K, used 0K [0x000000076c180000, 0x0000000780d00000, 0x00000007c0000000)
  eden space 179712K, 0% used [0x000000076c180000,0x000000076c180000,0x0000000777100000)
  from space 15360K, 0% used [0x0000000777100000,0x0000000777100000,0x0000000778000000)
  to   space 14848K, 0% used [0x000000077fe80000,0x000000077fe80000,0x0000000780d00000)
 ParOldGen       total 131072K, used 15720K [0x00000006c4400000, 0x00000006cc400000, 0x000000076c180000)
  object space 131072K, 11% used [0x00000006c4400000,0x00000006c535a2b8,0x00000006cc400000)
 Metaspace       used 33461K, capacity 35376K, committed 35416K, reserved 1079296K
  class space    used 4339K, capacity 4736K, committed 4736K, reserved 1048576K
}
Event: 3.848 GC heap before
{Heap before GC invocations=10 (full 2):
 PSYoungGen      total 195072K, used 179712K [0x000000076c180000, 0x0000000780d00000, 0x00000007c0000000)
  eden space 179712K, 100% used [0x000000076c180000,0x0000000777100000,0x0000000777100000)
  from space 15360K, 0% used [0x0000000777100000,0x0000000777100000,0x0000000778000000)
  to   space 14848K, 0% used [0x000000077fe80000,0x000000077fe80000,0x0000000780d00000)
 ParOldGen       total 131072K, used 15720K [0x00000006c4400000, 0x00000006cc400000, 0x000000076c180000)
  object space 131072K, 11% used [0x00000006c4400000,0x00000006c535a2b8,0x00000006cc400000)
 Metaspace       used 42363K, capacity 44414K, committed 44760K, reserved 1087488K
  class space    used 5621K, capacity 6054K, committed 6144K, reserved 1048576K
Event: 3.859 GC heap after
Heap after GC invocations=10 (full 2):
 PSYoungGen      total 301568K, used 11031K [0x000000076c180000, 0x0000000780980000, 0x00000007c0000000)
  eden space 290304K, 0% used [0x000000076c180000,0x000000076c180000,0x000000077dd00000)
  from space 11264K, 97% used [0x000000077fe80000,0x0000000780945fc0,0x0000000780980000)
  to   space 14848K, 0% used [0x000000077ec80000,0x000000077ec80000,0x000000077fb00000)
 ParOldGen       total 131072K, used 15747K [0x00000006c4400000, 0x00000006cc400000, 0x000000076c180000)
  object space 131072K, 12% used [0x00000006c4400000,0x00000006c5360f08,0x00000006cc400000)
 Metaspace       used 42363K, capacity 44414K, committed 44760K, reserved 1087488K
  class space    used 5621K, capacity 6054K, committed 6144K, reserved 1048576K
}

