# JRE version: Java(TM) SE Runtime Environment (8.0_201-b09) (build 1.8.0_201-b09)
# Java VM: Java HotSpot(TM) 64-Bit Server VM (25.201-b09 mixed mode windows-amd64 compressed oops)
Heap:
 PSYoungGen      total 289792K, used 28205K [0x000000076c180000, 0x0000000780100000, 0x00000007c0000000)
  eden space 279552K, 6% used [0x000000076c180000,0x000000076d3218b8,0x000000077d280000)
  from space 10240K, 99% used [0x000000077f700000,0x00000007800e9d98,0x0000000780100000)
  to   space 13824K, 0% used [0x000000077e600000,0x000000077e600000,0x000000077f380000)
 ParOldGen       total 131584K, used 15610K [0x00000006c4400000, 0x00000006cc480000, 0x000000076c180000)
  object space 131584K, 11% used [0x00000006c4400000,0x00000006c533ea50,0x00000006cc480000)
 Metaspace       used 42400K, capacity 44490K, committed 44760K, reserved 1087488K
  class space    used 5622K, capacity 6054K, committed 6144K, reserved 1048576K
GC Heap History (10 events):
Event: 2.749 GC heap before
{Heap before GC invocations=6 (full 1):
 PSYoungGen      total 111616K, used 111326K [0x000000076c180000, 0x0000000774f80000, 0x00000007c0000000)
  eden space 105984K, 100% used [0x000000076c180000,0x0000000772900000,0x0000000772900000)
  from space 5632K, 94% used [0x0000000774a00000,0x0000000774f37b18,0x0000000774f80000)
  to   space 10752K, 0% used [0x0000000773a80000,0x0000000773a80000,0x0000000774500000)
 ParOldGen       total 94720K, used 7680K [0x00000006c4400000, 0x00000006ca080000, 0x000000076c180000)
  object space 94720K, 8% used [0x00000006c4400000,0x00000006c4b802e0,0x00000006ca080000)
 Metaspace       used 26485K, capacity 27708K, committed 27776K, reserved 1073152K
  class space    used 3390K, capacity 3688K, committed 3712K, reserved 1048576K
Event: 2.755 GC heap after
Heap after GC invocations=6 (full 1):
 PSYoungGen      total 134656K, used 10729K [0x000000076c180000, 0x0000000778480000, 0x00000007c0000000)
  eden space 123904K, 0% used [0x000000076c180000,0x000000076c180000,0x0000000773a80000)
  from space 10752K, 99% used [0x0000000773a80000,0x00000007744fa790,0x0000000774500000)
  to   space 13312K, 0% used [0x0000000777780000,0x0000000777780000,0x0000000778480000)
 ParOldGen       total 94720K, used 8577K [0x00000006c4400000, 0x00000006ca080000, 0x000000076c180000)
  object space 94720K, 9% used [0x00000006c4400000,0x00000006c4c60770,0x00000006ca080000)
 Metaspace       used 26485K, capacity 27708K, committed 27776K, reserved 1073152K
  class space    used 3390K, capacity 3688K, committed 3712K, reserved 1048576K
}
Event: 3.292 GC heap before
{Heap before GC invocations=7 (full 1):
 PSYoungGen      total 134656K, used 134633K [0x000000076c180000, 0x0000000778480000, 0x00000007c0000000)
  eden space 123904K, 100% used [0x000000076c180000,0x0000000773a80000,0x0000000773a80000)
  from space 10752K, 99% used [0x0000000773a80000,0x00000007744fa790,0x0000000774500000)
  to   space 13312K, 0% used [0x0000000777780000,0x0000000777780000,0x0000000778480000)
 ParOldGen       total 94720K, used 8577K [0x00000006c4400000, 0x00000006ca080000, 0x000000076c180000)
  object space 94720K, 9% used [0x00000006c4400000,0x00000006c4c60770,0x00000006ca080000)
 Metaspace       used 32112K, capacity 34102K, committed 34304K, reserved 1079296K
  class space    used 4155K, capacity 4553K, committed 4608K, reserved 1048576K
Event: 3.303 GC heap after
Heap after GC invocations=7 (full 1):
 PSYoungGen      total 184832K, used 12368K [0x000000076c180000, 0x000000077a500000, 0x00000007c0000000)
  eden space 171520K, 0% used [0x000000076c180000,0x000000076c180000,0x0000000776900000)
  from space 13312K, 92% used [0x0000000777780000,0x00000007783942e8,0x0000000778480000)
  to   space 14848K, 0% used [0x0000000776900000,0x0000000776900000,0x0000000777780000)
 ParOldGen       total 94720K, used 8585K [0x00000006c4400000, 0x00000006ca080000, 0x000000076c180000)
  object space 94720K, 9% used [0x00000006c4400000,0x00000006c4c62770,0x00000006ca080000)
 Metaspace       used 32112K, capacity 34102K, committed 34304K, reserved 1079296K
  class space    used 4155K, capacity 4553K, committed 4608K, reserved 1048576K
}
Event: 3.375 GC heap before
{Heap before GC invocations=8 (full 1):
 PSYoungGen      total 184832K, used 22340K [0x000000076c180000, 0x000000077a500000, 0x00000007c0000000)
  eden space 171520K, 5% used [0x000000076c180000,0x000000076cb3ce68,0x0000000776900000)
  from space 13312K, 92% used [0x0000000777780000,0x00000007783942e8,0x0000000778480000)
  to   space 14848K, 0% used [0x0000000776900000,0x0000000776900000,0x0000000777780000)
 ParOldGen       total 94720K, used 8585K [0x00000006c4400000, 0x00000006ca080000, 0x000000076c180000)
  object space 94720K, 9% used [0x00000006c4400000,0x00000006c4c62770,0x00000006ca080000)
 Metaspace       used 33396K, capacity 35386K, committed 35416K, reserved 1079296K
  class space    used 4322K, capacity 4735K, committed 4736K, reserved 1048576K
Event: 3.382 GC heap after
Heap after GC invocations=8 (full 1):
 PSYoungGen      total 186368K, used 9017K [0x000000076c180000, 0x0000000780480000, 0x00000007c0000000)
  eden space 171520K, 0% used [0x000000076c180000,0x000000076c180000,0x0000000776900000)
  from space 14848K, 60% used [0x0000000776900000,0x00000007771ce578,0x0000000777780000)
  to   space 13824K, 0% used [0x000000077f700000,0x000000077f700000,0x0000000780480000)
 ParOldGen       total 94720K, used 8593K [0x00000006c4400000, 0x00000006ca080000, 0x000000076c180000)
  object space 94720K, 9% used [0x00000006c4400000,0x00000006c4c64770,0x00000006ca080000)
 Metaspace       used 33396K, capacity 35386K, committed 35416K, reserved 1079296K
  class space    used 4322K, capacity 4735K, committed 4736K, reserved 1048576K
}
Event: 3.382 GC heap before
{Heap before GC invocations=9 (full 2):
 PSYoungGen      total 186368K, used 9017K [0x000000076c180000, 0x0000000780480000, 0x00000007c0000000)
  eden space 171520K, 0% used [0x000000076c180000,0x000000076c180000,0x0000000776900000)
  from space 14848K, 60% used [0x0000000776900000,0x00000007771ce578,0x0000000777780000)
  to   space 13824K, 0% used [0x000000077f700000,0x000000077f700000,0x0000000780480000)
 ParOldGen       total 94720K, used 8593K [0x00000006c4400000, 0x00000006ca080000, 0x000000076c180000)
  object space 94720K, 9% used [0x00000006c4400000,0x00000006c4c64770,0x00000006ca080000)
 Metaspace       used 33396K, capacity 35386K, committed 35416K, reserved 1079296K
  class space    used 4322K, capacity 4735K, committed 4736K, reserved 1048576K
Event: 3.411 GC heap after
Heap after GC invocations=9 (full 2):
 PSYoungGen      total 186368K, used 0K [0x000000076c180000, 0x0000000780480000, 0x00000007c0000000)
  eden space 171520K, 0% used [0x000000076c180000,0x000000076c180000,0x0000000776900000)
  from space 14848K, 0% used [0x0000000776900000,0x0000000776900000,0x0000000777780000)
  to   space 13824K, 0% used [0x000000077f700000,0x000000077f700000,0x0000000780480000)
 ParOldGen       total 131584K, used 15583K [0x00000006c4400000, 0x00000006cc480000, 0x000000076c180000)
  object space 131584K, 11% used [0x00000006c4400000,0x00000006c5337e00,0x00000006cc480000)
 Metaspace       used 33396K, capacity 35386K, committed 35416K, reserved 1079296K
  class space    used 4322K, capacity 4735K, committed 4736K, reserved 1048576K
}
Event: 3.964 GC heap before
{Heap before GC invocations=10 (full 2):
 PSYoungGen      total 186368K, used 171520K [0x000000076c180000, 0x0000000780480000, 0x00000007c0000000)
  eden space 171520K, 100% used [0x000000076c180000,0x0000000776900000,0x0000000776900000)
  from space 14848K, 0% used [0x0000000776900000,0x0000000776900000,0x0000000777780000)
  to   space 13824K, 0% used [0x000000077f700000,0x000000077f700000,0x0000000780480000)
 ParOldGen       total 131584K, used 15583K [0x00000006c4400000, 0x00000006cc480000, 0x000000076c180000)
  object space 131584K, 11% used [0x00000006c4400000,0x00000006c5337e00,0x00000006cc480000)
 Metaspace       used 41393K, capacity 43422K, committed 43608K, reserved 1087488K
  class space    used 5527K, capacity 5954K, committed 6016K, reserved 1048576K
Event: 3.970 GC heap after
Heap after GC invocations=10 (full 2):
 PSYoungGen      total 289792K, used 10151K [0x000000076c180000, 0x0000000780100000, 0x00000007c0000000)
  eden space 279552K, 0% used [0x000000076c180000,0x000000076c180000,0x000000077d280000)
  from space 10240K, 99% used [0x000000077f700000,0x00000007800e9d98,0x0000000780100000)
  to   space 13824K, 0% used [0x000000077e600000,0x000000077e600000,0x000000077f380000)
 ParOldGen       total 131584K, used 15610K [0x00000006c4400000, 0x00000006cc480000, 0x000000076c180000)
  object space 131584K, 11% used [0x00000006c4400000,0x00000006c533ea50,0x00000006cc480000)
 Metaspace       used 41393K, capacity 43422K, committed 43608K, reserved 1087488K
  class space    used 5527K, capacity 5954K, committed 6016K, reserved 1048576K
}

