# JRE version: Java(TM) SE Runtime Environment (8.0_201-b09) (build 1.8.0_201-b09)
# Java VM: Java HotSpot(TM) 64-Bit Server VM (25.201-b09 mixed mode windows-amd64 compressed oops)
Heap:
 PSYoungGen      total 189952K, used 162799K [0x000000076c180000, 0x0000000781e00000, 0x00000007c0000000)
  eden space 174080K, 93% used [0x000000076c180000,0x000000077607bf98,0x0000000776b80000)
  from space 15872K, 0% used [0x0000000776b80000,0x0000000776b80000,0x0000000777b00000)
  to   space 15360K, 0% used [0x0000000780f00000,0x0000000780f00000,0x0000000781e00000)
 ParOldGen       total 115712K, used 15520K [0x00000006c4400000, 0x00000006cb500000, 0x000000076c180000)
  object space 115712K, 13% used [0x00000006c4400000,0x00000006c5328370,0x00000006cb500000)
 Metaspace       used 41690K, capacity 43730K, committed 44200K, reserved 1087488K
  class space    used 5605K, capacity 6022K, committed 6064K, reserved 1048576K
GC Heap History (10 events):
Event: 2.012 GC heap before
{Heap before GC invocations=5 (full 1):
 PSYoungGen      total 75264K, used 64512K [0x000000076c180000, 0x0000000775480000, 0x00000007c0000000)
  eden space 64512K, 100% used [0x000000076c180000,0x0000000770080000,0x0000000770080000)
  from space 10752K, 0% used [0x0000000770080000,0x0000000770080000,0x0000000770b00000)
  to   space 10752K, 0% used [0x0000000774a00000,0x0000000774a00000,0x0000000775480000)
 ParOldGen       total 92672K, used 7576K [0x00000006c4400000, 0x00000006c9e80000, 0x000000076c180000)
  object space 92672K, 8% used [0x00000006c4400000,0x00000006c4b66238,0x00000006c9e80000)
 Metaspace       used 23456K, capacity 24624K, committed 24880K, reserved 1071104K
  class space    used 3044K, capacity 3296K, committed 3376K, reserved 1048576K
Event: 2.016 GC heap after
Heap after GC invocations=5 (full 1):
 PSYoungGen      total 112640K, used 5461K [0x000000076c180000, 0x0000000774f80000, 0x00000007c0000000)
  eden space 107008K, 0% used [0x000000076c180000,0x000000076c180000,0x0000000772a00000)
  from space 5632K, 96% used [0x0000000774a00000,0x0000000774f55700,0x0000000774f80000)
  to   space 10752K, 0% used [0x0000000773a80000,0x0000000773a80000,0x0000000774500000)
 ParOldGen       total 92672K, used 7584K [0x00000006c4400000, 0x00000006c9e80000, 0x000000076c180000)
  object space 92672K, 8% used [0x00000006c4400000,0x00000006c4b68238,0x00000006c9e80000)
 Metaspace       used 23456K, capacity 24624K, committed 24880K, reserved 1071104K
  class space    used 3044K, capacity 3296K, committed 3376K, reserved 1048576K
}
Event: 2.425 GC heap before
{Heap before GC invocations=6 (full 1):
 PSYoungGen      total 112640K, used 112469K [0x000000076c180000, 0x0000000774f80000, 0x00000007c0000000)
  eden space 107008K, 100% used [0x000000076c180000,0x0000000772a00000,0x0000000772a00000)
  from space 5632K, 96% used [0x0000000774a00000,0x0000000774f55700,0x0000000774f80000)
  to   space 10752K, 0% used [0x0000000773a80000,0x0000000773a80000,0x0000000774500000)
 ParOldGen       total 92672K, used 7584K [0x00000006c4400000, 0x00000006c9e80000, 0x000000076c180000)
  object space 92672K, 8% used [0x00000006c4400000,0x00000006c4b68238,0x00000006c9e80000)
 Metaspace       used 26453K, capacity 27756K, committed 27824K, reserved 1073152K
  class space    used 3447K, capacity 3734K, committed 3760K, reserved 1048576K
Event: 2.435 GC heap after
Heap after GC invocations=6 (full 1):
 PSYoungGen      total 134656K, used 10723K [0x000000076c180000, 0x0000000778880000, 0x00000007c0000000)
  eden space 123904K, 0% used [0x000000076c180000,0x000000076c180000,0x0000000773a80000)
  from space 10752K, 99% used [0x0000000773a80000,0x00000007744f8df8,0x0000000774500000)
  to   space 13824K, 0% used [0x0000000777b00000,0x0000000777b00000,0x0000000778880000)
 ParOldGen       total 92672K, used 8859K [0x00000006c4400000, 0x00000006c9e80000, 0x000000076c180000)
  object space 92672K, 9% used [0x00000006c4400000,0x00000006c4ca6f98,0x00000006c9e80000)
 Metaspace       used 26453K, capacity 27756K, committed 27824K, reserved 1073152K
  class space    used 3447K, capacity 3734K, committed 3760K, reserved 1048576K
}
Event: 2.975 GC heap before
{Heap before GC invocations=7 (full 1):
 PSYoungGen      total 134656K, used 134627K [0x000000076c180000, 0x0000000778880000, 0x00000007c0000000)
  eden space 123904K, 100% used [0x000000076c180000,0x0000000773a80000,0x0000000773a80000)
  from space 10752K, 99% used [0x0000000773a80000,0x00000007744f8df8,0x0000000774500000)
  to   space 13824K, 0% used [0x0000000777b00000,0x0000000777b00000,0x0000000778880000)
 ParOldGen       total 92672K, used 8859K [0x00000006c4400000, 0x00000006c9e80000, 0x000000076c180000)
  object space 92672K, 9% used [0x00000006c4400000,0x00000006c4ca6f98,0x00000006c9e80000)
 Metaspace       used 33242K, capacity 35228K, committed 35248K, reserved 1079296K
  class space    used 4370K, capacity 4774K, committed 4784K, reserved 1048576K
Event: 2.985 GC heap after
Heap after GC invocations=7 (full 1):
 PSYoungGen      total 187904K, used 13476K [0x000000076c180000, 0x000000077a500000, 0x00000007c0000000)
  eden space 174080K, 0% used [0x000000076c180000,0x000000076c180000,0x0000000776b80000)
  from space 13824K, 97% used [0x0000000777b00000,0x0000000778829390,0x0000000778880000)
  to   space 15872K, 0% used [0x0000000776b80000,0x0000000776b80000,0x0000000777b00000)
 ParOldGen       total 92672K, used 8867K [0x00000006c4400000, 0x00000006c9e80000, 0x000000076c180000)
  object space 92672K, 9% used [0x00000006c4400000,0x00000006c4ca8f98,0x00000006c9e80000)
 Metaspace       used 33242K, capacity 35228K, committed 35248K, reserved 1079296K
  class space    used 4370K, capacity 4774K, committed 4784K, reserved 1048576K
}
Event: 2.998 GC heap before
{Heap before GC invocations=8 (full 1):
 PSYoungGen      total 187904K, used 20240K [0x000000076c180000, 0x000000077a500000, 0x00000007c0000000)
  eden space 174080K, 3% used [0x000000076c180000,0x000000076c81ae68,0x0000000776b80000)
  from space 13824K, 97% used [0x0000000777b00000,0x0000000778829390,0x0000000778880000)
  to   space 15872K, 0% used [0x0000000776b80000,0x0000000776b80000,0x0000000777b00000)
 ParOldGen       total 92672K, used 8867K [0x00000006c4400000, 0x00000006c9e80000, 0x000000076c180000)
  object space 92672K, 9% used [0x00000006c4400000,0x00000006c4ca8f98,0x00000006c9e80000)
 Metaspace       used 33388K, capacity 35356K, committed 35496K, reserved 1079296K
  class space    used 4395K, capacity 4774K, committed 4784K, reserved 1048576K
Event: 3.005 GC heap after
Heap after GC invocations=8 (full 1):
 PSYoungGen      total 189952K, used 8808K [0x000000076c180000, 0x0000000781e00000, 0x00000007c0000000)
  eden space 174080K, 0% used [0x000000076c180000,0x000000076c180000,0x0000000776b80000)
  from space 15872K, 55% used [0x0000000776b80000,0x000000077741a2a8,0x0000000777b00000)
  to   space 15360K, 0% used [0x0000000780f00000,0x0000000780f00000,0x0000000781e00000)
 ParOldGen       total 92672K, used 8875K [0x00000006c4400000, 0x00000006c9e80000, 0x000000076c180000)
  object space 92672K, 9% used [0x00000006c4400000,0x00000006c4caaf98,0x00000006c9e80000)
 Metaspace       used 33388K, capacity 35356K, committed 35496K, reserved 1079296K
  class space    used 4395K, capacity 4774K, committed 4784K, reserved 1048576K
}
Event: 3.005 GC heap before
{Heap before GC invocations=9 (full 2):
 PSYoungGen      total 189952K, used 8808K [0x000000076c180000, 0x0000000781e00000, 0x00000007c0000000)
  eden space 174080K, 0% used [0x000000076c180000,0x000000076c180000,0x0000000776b80000)
  from space 15872K, 55% used [0x0000000776b80000,0x000000077741a2a8,0x0000000777b00000)
  to   space 15360K, 0% used [0x0000000780f00000,0x0000000780f00000,0x0000000781e00000)
 ParOldGen       total 92672K, used 8875K [0x00000006c4400000, 0x00000006c9e80000, 0x000000076c180000)
  object space 92672K, 9% used [0x00000006c4400000,0x00000006c4caaf98,0x00000006c9e80000)
 Metaspace       used 33388K, capacity 35356K, committed 35496K, reserved 1079296K
  class space    used 4395K, capacity 4774K, committed 4784K, reserved 1048576K
Event: 3.038 GC heap after
Heap after GC invocations=9 (full 2):
 PSYoungGen      total 189952K, used 0K [0x000000076c180000, 0x0000000781e00000, 0x00000007c0000000)
  eden space 174080K, 0% used [0x000000076c180000,0x000000076c180000,0x0000000776b80000)
  from space 15872K, 0% used [0x0000000776b80000,0x0000000776b80000,0x0000000777b00000)
  to   space 15360K, 0% used [0x0000000780f00000,0x0000000780f00000,0x0000000781e00000)
 ParOldGen       total 115712K, used 15520K [0x00000006c4400000, 0x00000006cb500000, 0x000000076c180000)
  object space 115712K, 13% used [0x00000006c4400000,0x00000006c5328370,0x00000006cb500000)
 Metaspace       used 33388K, capacity 35356K, committed 35496K, reserved 1079296K
  class space    used 4395K, capacity 4774K, committed 4784K, reserved 1048576K
}

