# JRE version: Java(TM) SE Runtime Environment (8.0_201-b09) (build 1.8.0_201-b09)
# Java VM: Java HotSpot(TM) 64-Bit Server VM (25.201-b09 mixed mode windows-amd64 compressed oops)
Heap:
 PSYoungGen      total 295424K, used 22916K [0x000000076c180000, 0x0000000780680000, 0x00000007c0000000)
  eden space 284672K, 4% used [0x000000076c180000,0x000000076cd937b0,0x000000077d780000)
  from space 10752K, 98% used [0x000000077fc00000,0x000000078064daf0,0x0000000780680000)
  to   space 14848K, 0% used [0x000000077e980000,0x000000077e980000,0x000000077f800000)
 ParOldGen       total 131584K, used 15555K [0x00000006c4400000, 0x00000006cc480000, 0x000000076c180000)
  object space 131584K, 11% used [0x00000006c4400000,0x00000006c5330ce8,0x00000006cc480000)
 Metaspace       used 42399K, capacity 44486K, committed 44760K, reserved 1087488K
  class space    used 5622K, capacity 6054K, committed 6144K, reserved 1048576K
GC Heap History (10 events):
Event: 2.573 GC heap before
{Heap before GC invocations=6 (full 1):
 PSYoungGen      total 113664K, used 113596K [0x000000076c180000, 0x0000000774f80000, 0x00000007c0000000)
  eden space 108032K, 100% used [0x000000076c180000,0x0000000772b00000,0x0000000772b00000)
  from space 5632K, 98% used [0x0000000774a00000,0x0000000774f6f308,0x0000000774f80000)
  to   space 10752K, 0% used [0x0000000773a80000,0x0000000773a80000,0x0000000774500000)
 ParOldGen       total 91136K, used 7072K [0x00000006c4400000, 0x00000006c9d00000, 0x000000076c180000)
  object space 91136K, 7% used [0x00000006c4400000,0x00000006c4ae8058,0x00000006c9d00000)
 Metaspace       used 26260K, capacity 27424K, committed 27520K, reserved 1073152K
  class space    used 3364K, capacity 3646K, committed 3712K, reserved 1048576K
Event: 2.580 GC heap after
Heap after GC invocations=6 (full 1):
 PSYoungGen      total 134656K, used 10722K [0x000000076c180000, 0x0000000778b80000, 0x00000007c0000000)
  eden space 123904K, 0% used [0x000000076c180000,0x000000076c180000,0x0000000773a80000)
  from space 10752K, 99% used [0x0000000773a80000,0x00000007744f8a30,0x0000000774500000)
  to   space 13824K, 0% used [0x0000000777e00000,0x0000000777e00000,0x0000000778b80000)
 ParOldGen       total 91136K, used 8480K [0x00000006c4400000, 0x00000006c9d00000, 0x000000076c180000)
  object space 91136K, 9% used [0x00000006c4400000,0x00000006c4c481f0,0x00000006c9d00000)
 Metaspace       used 26260K, capacity 27424K, committed 27520K, reserved 1073152K
  class space    used 3364K, capacity 3646K, committed 3712K, reserved 1048576K
}
Event: 3.104 GC heap before
{Heap before GC invocations=7 (full 1):
 PSYoungGen      total 134656K, used 134626K [0x000000076c180000, 0x0000000778b80000, 0x00000007c0000000)
  eden space 123904K, 100% used [0x000000076c180000,0x0000000773a80000,0x0000000773a80000)
  from space 10752K, 99% used [0x0000000773a80000,0x00000007744f8a30,0x0000000774500000)
  to   space 13824K, 0% used [0x0000000777e00000,0x0000000777e00000,0x0000000778b80000)
 ParOldGen       total 91136K, used 8480K [0x00000006c4400000, 0x00000006c9d00000, 0x000000076c180000)
  object space 91136K, 9% used [0x00000006c4400000,0x00000006c4c481f0,0x00000006c9d00000)
 Metaspace       used 32060K, capacity 34002K, committed 34304K, reserved 1079296K
  class space    used 4152K, capacity 4521K, committed 4608K, reserved 1048576K
Event: 3.111 GC heap after
Heap after GC invocations=7 (full 1):
 PSYoungGen      total 191488K, used 13193K [0x000000076c180000, 0x000000077a600000, 0x00000007c0000000)
  eden space 177664K, 0% used [0x000000076c180000,0x000000076c180000,0x0000000776f00000)
  from space 13824K, 95% used [0x0000000777e00000,0x0000000778ae27b8,0x0000000778b80000)
  to   space 15360K, 0% used [0x0000000776f00000,0x0000000776f00000,0x0000000777e00000)
 ParOldGen       total 91136K, used 8488K [0x00000006c4400000, 0x00000006c9d00000, 0x000000076c180000)
  object space 91136K, 9% used [0x00000006c4400000,0x00000006c4c4a1f0,0x00000006c9d00000)
 Metaspace       used 32060K, capacity 34002K, committed 34304K, reserved 1079296K
  class space    used 4152K, capacity 4521K, committed 4608K, reserved 1048576K
}
Event: 3.193 GC heap before
{Heap before GC invocations=8 (full 1):
 PSYoungGen      total 191488K, used 26932K [0x000000076c180000, 0x000000077a600000, 0x00000007c0000000)
  eden space 177664K, 7% used [0x000000076c180000,0x000000076ceeab10,0x0000000776f00000)
  from space 13824K, 95% used [0x0000000777e00000,0x0000000778ae27b8,0x0000000778b80000)
  to   space 15360K, 0% used [0x0000000776f00000,0x0000000776f00000,0x0000000777e00000)
 ParOldGen       total 91136K, used 8488K [0x00000006c4400000, 0x00000006c9d00000, 0x000000076c180000)
  object space 91136K, 9% used [0x00000006c4400000,0x00000006c4c4a1f0,0x00000006c9d00000)
 Metaspace       used 33399K, capacity 35380K, committed 35416K, reserved 1079296K
  class space    used 4319K, capacity 4734K, committed 4736K, reserved 1048576K
Event: 3.198 GC heap after
Heap after GC invocations=8 (full 1):
 PSYoungGen      total 193024K, used 9611K [0x000000076c180000, 0x0000000780a80000, 0x00000007c0000000)
  eden space 177664K, 0% used [0x000000076c180000,0x000000076c180000,0x0000000776f00000)
  from space 15360K, 62% used [0x0000000776f00000,0x0000000777862cb0,0x0000000777e00000)
  to   space 14848K, 0% used [0x000000077fc00000,0x000000077fc00000,0x0000000780a80000)
 ParOldGen       total 91136K, used 8496K [0x00000006c4400000, 0x00000006c9d00000, 0x000000076c180000)
  object space 91136K, 9% used [0x00000006c4400000,0x00000006c4c4c1f0,0x00000006c9d00000)
 Metaspace       used 33399K, capacity 35380K, committed 35416K, reserved 1079296K
  class space    used 4319K, capacity 4734K, committed 4736K, reserved 1048576K
}
Event: 3.198 GC heap before
{Heap before GC invocations=9 (full 2):
 PSYoungGen      total 193024K, used 9611K [0x000000076c180000, 0x0000000780a80000, 0x00000007c0000000)
  eden space 177664K, 0% used [0x000000076c180000,0x000000076c180000,0x0000000776f00000)
  from space 15360K, 62% used [0x0000000776f00000,0x0000000777862cb0,0x0000000777e00000)
  to   space 14848K, 0% used [0x000000077fc00000,0x000000077fc00000,0x0000000780a80000)
 ParOldGen       total 91136K, used 8496K [0x00000006c4400000, 0x00000006c9d00000, 0x000000076c180000)
  object space 91136K, 9% used [0x00000006c4400000,0x00000006c4c4c1f0,0x00000006c9d00000)
 Metaspace       used 33399K, capacity 35380K, committed 35416K, reserved 1079296K
  class space    used 4319K, capacity 4734K, committed 4736K, reserved 1048576K
Event: 3.227 GC heap after
Heap after GC invocations=9 (full 2):
 PSYoungGen      total 193024K, used 0K [0x000000076c180000, 0x0000000780a80000, 0x00000007c0000000)
  eden space 177664K, 0% used [0x000000076c180000,0x000000076c180000,0x0000000776f00000)
  from space 15360K, 0% used [0x0000000776f00000,0x0000000776f00000,0x0000000777e00000)
  to   space 14848K, 0% used [0x000000077fc00000,0x000000077fc00000,0x0000000780a80000)
 ParOldGen       total 131584K, used 15528K [0x00000006c4400000, 0x00000006cc480000, 0x000000076c180000)
  object space 131584K, 11% used [0x00000006c4400000,0x00000006c532a098,0x00000006cc480000)
 Metaspace       used 33399K, capacity 35380K, committed 35416K, reserved 1079296K
  class space    used 4319K, capacity 4734K, committed 4736K, reserved 1048576K
}
Event: 3.837 GC heap before
{Heap before GC invocations=10 (full 2):
 PSYoungGen      total 193024K, used 177664K [0x000000076c180000, 0x0000000780a80000, 0x00000007c0000000)
  eden space 177664K, 100% used [0x000000076c180000,0x0000000776f00000,0x0000000776f00000)
  from space 15360K, 0% used [0x0000000776f00000,0x0000000776f00000,0x0000000777e00000)
  to   space 14848K, 0% used [0x000000077fc00000,0x000000077fc00000,0x0000000780a80000)
 ParOldGen       total 131584K, used 15528K [0x00000006c4400000, 0x00000006cc480000, 0x000000076c180000)
  object space 131584K, 11% used [0x00000006c4400000,0x00000006c532a098,0x00000006cc480000)
 Metaspace       used 42005K, capacity 44070K, committed 44504K, reserved 1087488K
  class space    used 5599K, capacity 6022K, committed 6144K, reserved 1048576K
Event: 3.845 GC heap after
Heap after GC invocations=10 (full 2):
 PSYoungGen      total 295424K, used 10550K [0x000000076c180000, 0x0000000780680000, 0x00000007c0000000)
  eden space 284672K, 0% used [0x000000076c180000,0x000000076c180000,0x000000077d780000)
  from space 10752K, 98% used [0x000000077fc00000,0x000000078064daf0,0x0000000780680000)
  to   space 14848K, 0% used [0x000000077e980000,0x000000077e980000,0x000000077f800000)
 ParOldGen       total 131584K, used 15555K [0x00000006c4400000, 0x00000006cc480000, 0x000000076c180000)
  object space 131584K, 11% used [0x00000006c4400000,0x00000006c5330ce8,0x00000006cc480000)
 Metaspace       used 42005K, capacity 44070K, committed 44504K, reserved 1087488K
  class space    used 5599K, capacity 6022K, committed 6144K, reserved 1048576K
}

